c:\users\ellio_000\desktop\rtype\gui\windowscompile\debug\vc120.pdb
c:\users\ellio_000\desktop\rtype\gui\windowscompile\debug\vc120.idb
c:\users\ellio_000\desktop\rtype\gui\windowscompile\debug\condvar.obj
c:\users\ellio_000\desktop\rtype\gui\windowscompile\debug\mutex.obj
c:\users\ellio_000\desktop\rtype\gui\windowscompile\debug\scopedlock.obj
c:\users\ellio_000\desktop\rtype\gui\windowscompile\debug\thread.obj
c:\users\ellio_000\desktop\rtype\gui\windowscompile\debug\coreaction.obj
c:\users\ellio_000\desktop\rtype\gui\windowscompile\debug\coregame.obj
c:\users\ellio_000\desktop\rtype\gui\windowscompile\debug\handlepool.obj
c:\users\ellio_000\desktop\rtype\gui\windowscompile\debug\main.obj
c:\users\ellio_000\desktop\rtype\gui\windowscompile\debug\mcontrols.obj
c:\users\ellio_000\desktop\rtype\gui\windowscompile\debug\menu.obj
c:\users\ellio_000\desktop\rtype\gui\windowscompile\debug\mgame.obj
c:\users\ellio_000\desktop\rtype\gui\windowscompile\debug\moptions.obj
c:\users\ellio_000\desktop\rtype\gui\windowscompile\debug\mtime.obj
c:\users\ellio_000\desktop\rtype\gui\windowscompile\debug\shared.obj
c:\users\ellio_000\desktop\rtype\gui\windowscompile\debug\sound.obj
c:\users\ellio_000\desktop\rtype\gui\windowscompile\debug\threadaudio.obj
c:\users\ellio_000\desktop\rtype\gui\windowscompile\debug\window.obj
c:\users\ellio_000\desktop\rtype\gui\windowscompile\debug\drawobject.obj
c:\users\ellio_000\desktop\rtype\gui\windowscompile\debug\loadtexture.obj
c:\users\ellio_000\desktop\rtype\gui\windowscompile\debug\mouvement.obj
c:\users\ellio_000\desktop\rtype\gui\windowscompile\debug\wclientinfo.obj
c:\users\ellio_000\desktop\rtype\gui\windowscompile\debug\wnetwork.obj
c:\users\ellio_000\desktop\rtype\gui\windowscompile\debug\safequeue.obj
c:\users\ellio_000\desktop\rtype\gui\windowscompile\debug\threadpool.obj
c:\users\ellio_000\documents\tmp-git\rtype\gui\windowscompile\debug\vc120.pdb
c:\users\ellio_000\documents\tmp-git\rtype\gui\windowscompile\debug\vc120.idb
c:\users\ellio_000\documents\tmp-git\rtype\gui\windowscompile\debug\condvar.obj
c:\users\ellio_000\documents\tmp-git\rtype\gui\windowscompile\debug\mutex.obj
c:\users\ellio_000\documents\tmp-git\rtype\gui\windowscompile\debug\scopedlock.obj
c:\users\ellio_000\documents\tmp-git\rtype\gui\windowscompile\debug\thread.obj
c:\users\ellio_000\documents\tmp-git\rtype\gui\windowscompile\debug\coreaction.obj
c:\users\ellio_000\documents\tmp-git\rtype\gui\windowscompile\debug\coregame.obj
c:\users\ellio_000\documents\tmp-git\rtype\gui\windowscompile\debug\drawobject.obj
c:\users\ellio_000\documents\tmp-git\rtype\gui\windowscompile\debug\handlepool.obj
c:\users\ellio_000\documents\tmp-git\rtype\gui\windowscompile\debug\loadtexture.obj
c:\users\ellio_000\documents\tmp-git\rtype\gui\windowscompile\debug\main.obj
c:\users\ellio_000\documents\tmp-git\rtype\gui\windowscompile\debug\mcontrols.obj
c:\users\ellio_000\documents\tmp-git\rtype\gui\windowscompile\debug\menu.obj
c:\users\ellio_000\documents\tmp-git\rtype\gui\windowscompile\debug\mgame.obj
c:\users\ellio_000\documents\tmp-git\rtype\gui\windowscompile\debug\moptions.obj
c:\users\ellio_000\documents\tmp-git\rtype\gui\windowscompile\debug\mouvement.obj
c:\users\ellio_000\documents\tmp-git\rtype\gui\windowscompile\debug\mtime.obj
c:\users\ellio_000\documents\tmp-git\rtype\gui\windowscompile\debug\shared.obj
c:\users\ellio_000\documents\tmp-git\rtype\gui\windowscompile\debug\sound.obj
c:\users\ellio_000\documents\tmp-git\rtype\gui\windowscompile\debug\threadaudio.obj
c:\users\ellio_000\documents\tmp-git\rtype\gui\windowscompile\debug\window.obj
c:\users\ellio_000\documents\tmp-git\rtype\gui\windowscompile\debug\wclientinfo.obj
c:\users\ellio_000\documents\tmp-git\rtype\gui\windowscompile\debug\wnetwork.obj
c:\users\ellio_000\documents\tmp-git\rtype\gui\windowscompile\debug\safequeue.obj
c:\users\ellio_000\documents\tmp-git\rtype\gui\windowscompile\debug\threadpool.obj
c:\users\ellio_000\desktop\rtype\gui\windowscompile\binary\rtype-client-windows.ilk
c:\users\ellio_000\desktop\rtype\gui\windowscompile\binary\rtype-client-windows.exe
c:\users\ellio_000\desktop\rtype\gui\windowscompile\binary\rtype-client-windows.pdb
c:\users\ellio_000\documents\tmp-git\rtype\gui\windowscompile\\binary\rtype-client-windows.pdb
c:\users\ellio_000\documents\tmp-git\rtype\gui\windowscompile\debug\rtype-cl.dda5ba07.tlog\cl.command.1.tlog
c:\users\ellio_000\documents\tmp-git\rtype\gui\windowscompile\debug\rtype-cl.dda5ba07.tlog\cl.read.1.tlog
c:\users\ellio_000\documents\tmp-git\rtype\gui\windowscompile\debug\rtype-cl.dda5ba07.tlog\cl.write.1.tlog
c:\users\ellio_000\documents\tmp-git\rtype\gui\windowscompile\debug\rtype-cl.dda5ba07.tlog\link-cvtres.read.1.tlog
c:\users\ellio_000\documents\tmp-git\rtype\gui\windowscompile\debug\rtype-cl.dda5ba07.tlog\link-cvtres.write.1.tlog
c:\users\ellio_000\documents\tmp-git\rtype\gui\windowscompile\debug\rtype-cl.dda5ba07.tlog\link-rc.read.1.tlog
c:\users\ellio_000\documents\tmp-git\rtype\gui\windowscompile\debug\rtype-cl.dda5ba07.tlog\link-rc.write.1.tlog
c:\users\ellio_000\documents\tmp-git\rtype\gui\windowscompile\debug\rtype-cl.dda5ba07.tlog\link.10420-cvtres.read.1.tlog
c:\users\ellio_000\documents\tmp-git\rtype\gui\windowscompile\debug\rtype-cl.dda5ba07.tlog\link.10420-cvtres.write.1.tlog
c:\users\ellio_000\documents\tmp-git\rtype\gui\windowscompile\debug\rtype-cl.dda5ba07.tlog\link.10420-rc.read.1.tlog
c:\users\ellio_000\documents\tmp-git\rtype\gui\windowscompile\debug\rtype-cl.dda5ba07.tlog\link.10420-rc.write.1.tlog
c:\users\ellio_000\documents\tmp-git\rtype\gui\windowscompile\debug\rtype-cl.dda5ba07.tlog\link.10420.read.1.tlog
c:\users\ellio_000\documents\tmp-git\rtype\gui\windowscompile\debug\rtype-cl.dda5ba07.tlog\link.10420.write.1.tlog
c:\users\ellio_000\documents\tmp-git\rtype\gui\windowscompile\debug\rtype-cl.dda5ba07.tlog\link.command.1.tlog
c:\users\ellio_000\documents\tmp-git\rtype\gui\windowscompile\debug\rtype-cl.dda5ba07.tlog\link.read.1.tlog
c:\users\ellio_000\documents\tmp-git\rtype\gui\windowscompile\debug\rtype-cl.dda5ba07.tlog\link.write.1.tlog
