La génération a démarré 11/01/2015 23:32:41.
     1>Projet "C:\Users\ellio_000\Documents\tmp-git\rtype\GUI\WindowsCompile\RType-Client-windows.vcxproj" sur le nœud 2 (Build cible(s)).
     1>ClCompile:
         C:\Program Files (x86)\Microsoft Visual Studio 12.0\VC\bin\CL.exe /c /I"..\libs\SFML-2.1 -wind\lib\debug\\" /I"..\libs\SFML-2.1 -wind\include" /I..\..\LibThreads\includes\Windows /I..\..\LibNetwork\includes\Windows /I..\includes /I..\..\LibThreads\includes\Common /I..\..\LibNetwork\includes\Common /I"..\..\SFML-2.1 -wind\include" /ZI /nologo /W3 /WX- /sdl /Od /Oy- /D _MBCS /Gm /EHsc /RTC1 /MDd /GS /fp:precise /Zc:wchar_t /Zc:forScope /Fo"Debug\\" /Fd"Debug\vc120.pdb" /Gd /TP /analyze- /errorReport:prompt ..\sources\CoreAction.cpp ..\sources\CoreGame.cpp ..\sources\DrawObject.cpp ..\sources\HandlePool.cpp ..\sources\LoadTexture.cpp ..\sources\Mouvement.cpp ..\sources\Shared.cpp ..\sources\main.cpp
         DrawObject.cpp
     1>c:\users\ellio_000\documents\tmp-git\rtype\gui\sources\drawobject.cpp(69): warning C4244: 'argument' : conversion de 'int' en 'float', perte possible de données
         Génération de code en cours...
         Ignoré... (aucune modification pertinente détectée)
         main.cpp
         Shared.cpp
         Mouvement.cpp
         LoadTexture.cpp
         HandlePool.cpp
         CoreGame.cpp
         CoreAction.cpp
       Link:
         C:\Program Files (x86)\Microsoft Visual Studio 12.0\VC\bin\link.exe /ERRORREPORT:PROMPT /OUT:"C:\Users\ellio_000\Documents\tmp-git\rtype\GUI\WindowsCompile\\Binary\RType-Client-windows.exe" /INCREMENTAL /NOLOGO /LIBPATH:"..\libs\SFML-2.1 -wind\lib\debug\\" "sfml-audio-d.lib" "sfml-graphics-d.lib" "sfml-main-d.lib" "sfml-network-d.lib" "sfml-system-d.lib" "sfml-window-d.lib" kernel32.lib user32.lib gdi32.lib winspool.lib comdlg32.lib advapi32.lib shell32.lib ole32.lib oleaut32.lib uuid.lib odbc32.lib odbccp32.lib /MANIFEST /MANIFESTUAC:"level='asInvoker' uiAccess='false'" /manifest:embed /DEBUG /PDB:"C:\Users\ellio_000\Documents\tmp-git\rtype\GUI\WindowsCompile\\Binary\RType-Client-windows.pdb" /TLBID:1 /DYNAMICBASE /NXCOMPAT /IMPLIB:"C:\Users\ellio_000\Documents\tmp-git\rtype\GUI\WindowsCompile\\Binary\RType-Client-windows.lib" /MACHINE:X86 Debug\WClientInfo.obj
         Debug\WNetwork.obj
         Debug\SafeQueue.obj
         Debug\ThreadPool.obj
         Debug\CondVar.obj
         Debug\Mutex.obj
         Debug\ScopedLock.obj
         Debug\Thread.obj
         Debug\CoreAction.obj
         Debug\CoreGame.obj
         Debug\DrawObject.obj
         Debug\HandlePool.obj
         Debug\LoadTexture.obj
         Debug\main.obj
         Debug\MControls.obj
         Debug\Menu.obj
         Debug\MGame.obj
         Debug\MOptions.obj
         Debug\Mouvement.obj
         Debug\MTime.obj
         Debug\Shared.obj
         Debug\Sound.obj
         Debug\ThreadAudio.obj
         Debug\Window.obj
         RType-Client-windows.vcxproj -> C:\Users\ellio_000\Documents\tmp-git\rtype\GUI\WindowsCompile\\Binary\RType-Client-windows.exe
     1>Génération du projet "C:\Users\ellio_000\Documents\tmp-git\rtype\GUI\WindowsCompile\RType-Client-windows.vcxproj" terminée (Build cible(s)).

La génération a réussi.

Temps écoulé 00:00:01.59
