c:\users\napsters\desktop\rtype-client-windows\rtype-client-windows\debug\vc120.pdb
c:\users\napsters\desktop\rtype-client-windows\rtype-client-windows\debug\vc120.idb
c:\users\napsters\desktop\rtype-client-windows\rtype-client-windows\debug\main.obj
c:\users\napsters\desktop\rtype-client-windows\rtype-client-windows\debug\mcontrols.obj
c:\users\napsters\desktop\rtype-client-windows\rtype-client-windows\debug\menu.obj
c:\users\napsters\desktop\rtype-client-windows\rtype-client-windows\debug\moptions.obj
c:\users\napsters\desktop\rtype-client-windows\rtype-client-windows\debug\sound.obj
c:\users\napsters\desktop\rtype-client-windows\rtype-client-windows\debug\window.obj
c:\users\napsters\desktop\rtype-client-windows\rtype-client-windows\debug\coregame.obj
c:\users\napsters\desktop\rtype-client-windows\rtype-client-windows\debug\clientinfo.obj
c:\users\napsters\desktop\rtype-client-windows\rtype-client-windows\debug\wclientinfo.obj
c:\users\napsters\desktop\rtype-client-windows\rtype-client-windows\debug\network.obj
c:\users\napsters\desktop\rtype-client-windows\rtype-client-windows\debug\coreaction.obj
c:\users\napsters\desktop\rtype-client-windows\rtype-client-windows\debug\wnetwork.obj
c:\users\napsters\desktop\rtype-client-windows\rtype-client-windows\debug\condvar.obj
c:\users\napsters\desktop\rtype-client-windows\rtype-client-windows\debug\mutex.obj
c:\users\napsters\desktop\rtype-client-windows\rtype-client-windows\debug\scopedlock.obj
c:\users\napsters\desktop\rtype-client-windows\rtype-client-windows\debug\thread.obj
c:\users\napsters\desktop\rtype-client-windows\rtype-client-windows\debug\threadaudio.obj
c:\users\napsters\desktop\rtype-client-windows\rtype-client-windows\debug\threadpool.obj
c:\users\napsters\desktop\rtype-client-windows\rtype-client-windows\debug\safequeue.obj
c:\users\napsters\desktop\rtype-client-windows\rtype-client-windows\debug\handlepool.obj
c:\users\napsters\desktop\rtype-client-windows\rtype-client-windows\debug\shared.obj
c:\users\napsters\desktop\bitbucket\rtype\gui\rtype-client-windows\rtype-client-windows\debug\vc120.pdb
c:\users\napsters\desktop\bitbucket\rtype\gui\rtype-client-windows\rtype-client-windows\debug\vc120.idb
c:\users\napsters\desktop\bitbucket\rtype\gui\rtype-client-windows\rtype-client-windows\debug\condvar.obj
c:\users\napsters\desktop\bitbucket\rtype\gui\rtype-client-windows\rtype-client-windows\debug\coreaction.obj
c:\users\napsters\desktop\bitbucket\rtype\gui\rtype-client-windows\rtype-client-windows\debug\coregame.obj
c:\users\napsters\desktop\bitbucket\rtype\gui\rtype-client-windows\rtype-client-windows\debug\main.obj
c:\users\napsters\desktop\bitbucket\rtype\gui\rtype-client-windows\rtype-client-windows\debug\mcontrols.obj
c:\users\napsters\desktop\bitbucket\rtype\gui\rtype-client-windows\rtype-client-windows\debug\menu.obj
c:\users\napsters\desktop\bitbucket\rtype\gui\rtype-client-windows\rtype-client-windows\debug\moptions.obj
c:\users\napsters\desktop\bitbucket\rtype\gui\rtype-client-windows\rtype-client-windows\debug\mutex.obj
c:\users\napsters\desktop\bitbucket\rtype\gui\rtype-client-windows\rtype-client-windows\debug\network.obj
c:\users\napsters\desktop\bitbucket\rtype\gui\rtype-client-windows\rtype-client-windows\debug\safequeue.obj
c:\users\napsters\desktop\bitbucket\rtype\gui\rtype-client-windows\rtype-client-windows\debug\scopedlock.obj
c:\users\napsters\desktop\bitbucket\rtype\gui\rtype-client-windows\rtype-client-windows\debug\shared.obj
c:\users\napsters\desktop\bitbucket\rtype\gui\rtype-client-windows\rtype-client-windows\debug\sound.obj
c:\users\napsters\desktop\bitbucket\rtype\gui\rtype-client-windows\rtype-client-windows\debug\handlepool.obj
c:\users\napsters\desktop\bitbucket\rtype\gui\rtype-client-windows\rtype-client-windows\debug\thread.obj
c:\users\napsters\desktop\bitbucket\rtype\gui\rtype-client-windows\rtype-client-windows\debug\threadaudio.obj
c:\users\napsters\desktop\bitbucket\rtype\gui\rtype-client-windows\rtype-client-windows\debug\threadpool.obj
c:\users\napsters\desktop\bitbucket\rtype\gui\rtype-client-windows\rtype-client-windows\debug\wclientinfo.obj
c:\users\napsters\desktop\bitbucket\rtype\gui\rtype-client-windows\rtype-client-windows\debug\window.obj
c:\users\napsters\desktop\bitbucket\rtype\gui\rtype-client-windows\rtype-client-windows\debug\wnetwork.obj
c:\users\napsters\desktop\bitbucket\rtype\gui\rtype-client-windows\rtype-client-windows\debug\clientinfo.obj
c:\users\napsters\desktop\bitbucket\rtype\gui\rtype-client-windows\rtype-client-windows\debug\mgame.obj
c:\users\napsters\desktop\bitbucket\rtype\gui\rtype-client-windows\rtype-client-windows\debug\mtime.obj
c:\users\napsters\desktop\bitbucket\rtype\gui\.old\debug\vc120.pdb
c:\users\napsters\desktop\bitbucket\rtype\gui\.old\debug\vc120.idb
c:\users\napsters\desktop\bitbucket\rtype\gui\.old\debug\mtime.obj
c:\users\napsters\desktop\bitbucket\rtype\gui\.old\debug\shared.obj
c:\users\napsters\desktop\bitbucket\rtype\gui\.old\debug\wclientinfo.obj
c:\users\napsters\desktop\bitbucket\rtype\gui\.old\debug\mcontrols.obj
c:\users\napsters\desktop\bitbucket\rtype\gui\.old\debug\menu.obj
c:\users\napsters\desktop\bitbucket\rtype\gui\.old\debug\mgame.obj
c:\users\napsters\desktop\bitbucket\rtype\gui\.old\debug\moptions.obj
c:\users\napsters\desktop\bitbucket\rtype\gui\.old\debug\sound.obj
c:\users\napsters\desktop\bitbucket\rtype\gui\.old\debug\window.obj
c:\users\napsters\desktop\bitbucket\rtype\gui\.old\debug\wnetwork.obj
c:\users\napsters\desktop\bitbucket\rtype\gui\.old\debug\safequeue.obj
c:\users\napsters\desktop\bitbucket\rtype\gui\.old\debug\threadpool.obj
c:\users\napsters\desktop\bitbucket\rtype\gui\.old\debug\condvar.obj
c:\users\napsters\desktop\bitbucket\rtype\gui\.old\debug\mutex.obj
c:\users\napsters\desktop\bitbucket\rtype\gui\.old\debug\scopedlock.obj
c:\users\napsters\desktop\bitbucket\rtype\gui\.old\debug\thread.obj
c:\users\napsters\desktop\bitbucket\rtype\gui\.old\debug\coreaction.obj
c:\users\napsters\desktop\bitbucket\rtype\gui\.old\debug\coregame.obj
c:\users\napsters\desktop\bitbucket\rtype\gui\.old\debug\handlepool.obj
c:\users\napsters\desktop\bitbucket\rtype\gui\.old\debug\main.obj
c:\users\napsters\desktop\bitbucket\rtype\gui\.old\debug\threadaudio.obj
c:\users\napsters\desktop\rtype-client-windows\debug\rtype-client-windows.ilk
c:\users\napsters\desktop\rtype-client-windows\debug\rtype-client-windows.exe
c:\users\napsters\desktop\rtype-client-windows\debug\rtype-client-windows.pdb
c:\users\napsters\desktop\bitbucket\rtype\gui\rtype-client-windows\debug\rtype-client-windows.ilk
c:\users\napsters\desktop\bitbucket\rtype\gui\rtype-client-windows\debug\rtype-client-windows.exe
c:\users\napsters\desktop\bitbucket\rtype\gui\rtype-client-windows\debug\rtype-client-windows.pdb
c:\users\napsters\desktop\bitbucket\rtype\gui\.old\debug\clientinfo.obj
c:\users\napsters\desktop\bitbucket\rtype\gui\.old\debug\network.obj
c:\users\napsters\desktop\bitbucket\rtype\gui\.old\debug\rtype-cl.dda5ba07.tlog\cl.command.1.tlog
c:\users\napsters\desktop\bitbucket\rtype\gui\.old\debug\rtype-cl.dda5ba07.tlog\cl.read.1.tlog
c:\users\napsters\desktop\bitbucket\rtype\gui\.old\debug\rtype-cl.dda5ba07.tlog\cl.write.1.tlog
c:\users\napsters\desktop\bitbucket\rtype\gui\.old\debug\rtype-cl.dda5ba07.tlog\link.command.1.tlog
c:\users\napsters\desktop\bitbucket\rtype\gui\.old\debug\rtype-cl.dda5ba07.tlog\link.read.1.tlog
c:\users\napsters\desktop\bitbucket\rtype\gui\.old\debug\rtype-cl.dda5ba07.tlog\link.write.1.tlog
