c:\users\hal\documents\rtype\caca\rtype\server\core\debug\dlsources\ammo\debug\ammo-player.lib
c:\users\hal\documents\rtype\caca\rtype\server\core\debug\dlsources\ammo\debug\ammo-player.exp
c:\users\hal\documents\rtype\caca\rtype\server\core\debug\dlsources\ammo\ammo-player\debug\vc120.pdb
c:\users\hal\documents\rtype\caca\rtype\server\core\debug\dlsources\ammo\ammo-player\debug\vc120.idb
c:\users\hal\documents\rtype\caca\rtype\server\core\debug\dlsources\ammo\ammo-player\debug\ammo-player.obj
c:\users\ellio_000\documents\tmp-git\rtype\server\core\debug\dlsources\ammo\ammo-player\debug\vc120.pdb
c:\users\ellio_000\documents\tmp-git\rtype\server\core\debug\dlsources\ammo\ammo-player\debug\vc120.idb
c:\users\ellio_000\documents\tmp-git\rtype\server\core\debug\dlsources\ammo\ammo-player\debug\ammo-player.obj
c:\users\hal\documents\rtype\caca\rtype\server\core\debug\dlsources\ammo\debug\ammo-player.ilk
c:\users\hal\documents\rtype\caca\rtype\server\core\debug\dlsources\ammo\debug\ammo-player.dll
c:\users\hal\documents\rtype\caca\rtype\server\core\debug\dlsources\ammo\debug\ammo-player.pdb
c:\users\ellio_000\documents\tmp-git\rtype\server\core\debug\dlsources\ammo\debug\ammo-player.pdb
c:\users\ellio_000\documents\tmp-git\rtype\server\core\debug\dlsources\ammo\ammo-player\debug\ammo-player.tlog\ammo-player.write.1u.tlog
c:\users\ellio_000\documents\tmp-git\rtype\server\core\debug\dlsources\ammo\ammo-player\debug\ammo-player.tlog\cl.command.1.tlog
c:\users\ellio_000\documents\tmp-git\rtype\server\core\debug\dlsources\ammo\ammo-player\debug\ammo-player.tlog\cl.read.1.tlog
c:\users\ellio_000\documents\tmp-git\rtype\server\core\debug\dlsources\ammo\ammo-player\debug\ammo-player.tlog\cl.write.1.tlog
c:\users\ellio_000\documents\tmp-git\rtype\server\core\debug\dlsources\ammo\ammo-player\debug\ammo-player.tlog\link-cvtres.read.1.tlog
c:\users\ellio_000\documents\tmp-git\rtype\server\core\debug\dlsources\ammo\ammo-player\debug\ammo-player.tlog\link-cvtres.write.1.tlog
c:\users\ellio_000\documents\tmp-git\rtype\server\core\debug\dlsources\ammo\ammo-player\debug\ammo-player.tlog\link-rc.read.1.tlog
c:\users\ellio_000\documents\tmp-git\rtype\server\core\debug\dlsources\ammo\ammo-player\debug\ammo-player.tlog\link-rc.write.1.tlog
c:\users\ellio_000\documents\tmp-git\rtype\server\core\debug\dlsources\ammo\ammo-player\debug\ammo-player.tlog\link.command.1.tlog
c:\users\ellio_000\documents\tmp-git\rtype\server\core\debug\dlsources\ammo\ammo-player\debug\ammo-player.tlog\link.read.1.tlog
c:\users\ellio_000\documents\tmp-git\rtype\server\core\debug\dlsources\ammo\ammo-player\debug\ammo-player.tlog\link.write.1.tlog
