La génération a démarré 06/01/2015 11:22:27.
     1>Projet "C:\Users\ellio_000\Documents\rtype-git\rtype\Server\Core\RType-Serveur-windows.vcxproj" sur le nœud 2 (Build cible(s)).
     1>ClCompile:
         C:\Program Files (x86)\Microsoft Visual Studio 12.0\VC\bin\CL.exe /c /ZI /nologo /W3 /WX- /sdl /Od /Oy- /D _MBCS /Gm /EHsc /RTC1 /MDd /GS /fp:precise /Zc:wchar_t /Zc:forScope /Fo"Debug\\" /Fd"Debug\vc120.pdb" /Gd /TP /analyze- /errorReport:prompt Core.cpp main.cpp MTime.cpp Object.cpp ObjectPull.cpp Random.cpp Stage.cpp UDLLoader.cpp WDLLoader.cpp
         WDLLoader.cpp
         UDLLoader.cpp
         Stage.cpp
         Random.cpp
         ObjectPull.cpp
         Object.cpp
     1>c:\users\ellio_000\documents\rtype-git\rtype\server\core\object.cpp(115): warning C4800: 'const int' : valeur forcée à la valeur booléenne 'true' ou 'false' (avertissement sur les performances)
         MTime.cpp
         main.cpp
         Core.cpp
         Génération de code en cours...
       Link:
         C:\Program Files (x86)\Microsoft Visual Studio 12.0\VC\bin\link.exe /ERRORREPORT:PROMPT /OUT:"C:\Users\ellio_000\Documents\rtype-git\rtype\Server\Core\Debug\RType-Serveur-windows.exe" /INCREMENTAL /NOLOGO kernel32.lib user32.lib gdi32.lib winspool.lib comdlg32.lib advapi32.lib shell32.lib ole32.lib oleaut32.lib uuid.lib odbc32.lib odbccp32.lib /MANIFEST /MANIFESTUAC:"level='asInvoker' uiAccess='false'" /manifest:embed /DEBUG /PDB:"C:\Users\ellio_000\Documents\rtype-git\rtype\Server\Core\Debug\RType-Serveur-windows.pdb" /TLBID:1 /DYNAMICBASE /NXCOMPAT /IMPLIB:"C:\Users\ellio_000\Documents\rtype-git\rtype\Server\Core\Debug\RType-Serveur-windows.lib" /MACHINE:X86 Debug\Core.obj
         Debug\main.obj
         Debug\MTime.obj
         Debug\Object.obj
         Debug\ObjectPull.obj
         Debug\Random.obj
         Debug\Stage.obj
         Debug\UDLLoader.obj
         Debug\WDLLoader.obj
         LINK : C:\Users\ellio_000\Documents\rtype-git\rtype\Server\Core\Debug\RType-Serveur-windows.exe introuvable ou non généré par la dernière édition de liens incrémentielle ; édition de liens complète en cours
         RType-Serveur-windows.vcxproj -> C:\Users\ellio_000\Documents\rtype-git\rtype\Server\Core\Debug\RType-Serveur-windows.exe
     1>Génération du projet "C:\Users\ellio_000\Documents\rtype-git\rtype\Server\Core\RType-Serveur-windows.vcxproj" terminée (Build cible(s)).

La génération a réussi.

Temps écoulé 00:00:07.18
